c:\users\ethorbit\documents\github\source-sdk-2013-master\mp\src\tier1\tier1.vpc.sentinel
z:\hl2dm-zombiesatphoneburnia-sdk-latest-master\source-sdk-2013-master\mp\src\lib\public\tier1.lib
z:\hl2dm-zombiesatphoneburnia-sdk-latest-master\source-sdk-2013-master\mp\src\tier1\release\bitbuf.obj
z:\hl2dm-zombiesatphoneburnia-sdk-latest-master\source-sdk-2013-master\mp\src\tier1\release\byteswap.obj
z:\hl2dm-zombiesatphoneburnia-sdk-latest-master\source-sdk-2013-master\mp\src\tier1\release\characterset.obj
z:\hl2dm-zombiesatphoneburnia-sdk-latest-master\source-sdk-2013-master\mp\src\tier1\release\checksum_crc.obj
z:\hl2dm-zombiesatphoneburnia-sdk-latest-master\source-sdk-2013-master\mp\src\tier1\release\checksum_md5.obj
z:\hl2dm-zombiesatphoneburnia-sdk-latest-master\source-sdk-2013-master\mp\src\tier1\release\checksum_sha1.obj
z:\hl2dm-zombiesatphoneburnia-sdk-latest-master\source-sdk-2013-master\mp\src\tier1\release\commandbuffer.obj
z:\hl2dm-zombiesatphoneburnia-sdk-latest-master\source-sdk-2013-master\mp\src\tier1\release\convar.obj
z:\hl2dm-zombiesatphoneburnia-sdk-latest-master\source-sdk-2013-master\mp\src\tier1\release\datamanager.obj
z:\hl2dm-zombiesatphoneburnia-sdk-latest-master\source-sdk-2013-master\mp\src\tier1\release\diff.obj
z:\hl2dm-zombiesatphoneburnia-sdk-latest-master\source-sdk-2013-master\mp\src\tier1\release\generichash.obj
z:\hl2dm-zombiesatphoneburnia-sdk-latest-master\source-sdk-2013-master\mp\src\tier1\release\ilocalize.obj
z:\hl2dm-zombiesatphoneburnia-sdk-latest-master\source-sdk-2013-master\mp\src\tier1\release\interface.obj
z:\hl2dm-zombiesatphoneburnia-sdk-latest-master\source-sdk-2013-master\mp\src\tier1\release\keyvalues.obj
z:\hl2dm-zombiesatphoneburnia-sdk-latest-master\source-sdk-2013-master\mp\src\tier1\release\kvpacker.obj
z:\hl2dm-zombiesatphoneburnia-sdk-latest-master\source-sdk-2013-master\mp\src\tier1\release\lzmadec.obj
z:\hl2dm-zombiesatphoneburnia-sdk-latest-master\source-sdk-2013-master\mp\src\tier1\release\lzmadecoder.obj
z:\hl2dm-zombiesatphoneburnia-sdk-latest-master\source-sdk-2013-master\mp\src\tier1\release\mempool.obj
z:\hl2dm-zombiesatphoneburnia-sdk-latest-master\source-sdk-2013-master\mp\src\tier1\release\memstack.obj
z:\hl2dm-zombiesatphoneburnia-sdk-latest-master\source-sdk-2013-master\mp\src\tier1\release\netadr.obj
z:\hl2dm-zombiesatphoneburnia-sdk-latest-master\source-sdk-2013-master\mp\src\tier1\release\newbitbuf.obj
z:\hl2dm-zombiesatphoneburnia-sdk-latest-master\source-sdk-2013-master\mp\src\tier1\release\processor_detect.obj
z:\hl2dm-zombiesatphoneburnia-sdk-latest-master\source-sdk-2013-master\mp\src\tier1\release\rangecheckedvar.obj
z:\hl2dm-zombiesatphoneburnia-sdk-latest-master\source-sdk-2013-master\mp\src\tier1\release\reliabletimer.obj
z:\hl2dm-zombiesatphoneburnia-sdk-latest-master\source-sdk-2013-master\mp\src\tier1\release\snappy-sinksource.obj
z:\hl2dm-zombiesatphoneburnia-sdk-latest-master\source-sdk-2013-master\mp\src\tier1\release\snappy-stubs-internal.obj
z:\hl2dm-zombiesatphoneburnia-sdk-latest-master\source-sdk-2013-master\mp\src\tier1\release\snappy.obj
z:\hl2dm-zombiesatphoneburnia-sdk-latest-master\source-sdk-2013-master\mp\src\tier1\release\sparsematrix.obj
z:\hl2dm-zombiesatphoneburnia-sdk-latest-master\source-sdk-2013-master\mp\src\tier1\release\splitstring.obj
z:\hl2dm-zombiesatphoneburnia-sdk-latest-master\source-sdk-2013-master\mp\src\tier1\release\stringpool.obj
z:\hl2dm-zombiesatphoneburnia-sdk-latest-master\source-sdk-2013-master\mp\src\tier1\release\strtools.obj
z:\hl2dm-zombiesatphoneburnia-sdk-latest-master\source-sdk-2013-master\mp\src\tier1\release\strtools_unicode.obj
z:\hl2dm-zombiesatphoneburnia-sdk-latest-master\source-sdk-2013-master\mp\src\tier1\release\tier1.obj
z:\hl2dm-zombiesatphoneburnia-sdk-latest-master\source-sdk-2013-master\mp\src\tier1\release\tokenreader.obj
z:\hl2dm-zombiesatphoneburnia-sdk-latest-master\source-sdk-2013-master\mp\src\tier1\release\uniqueid.obj
z:\hl2dm-zombiesatphoneburnia-sdk-latest-master\source-sdk-2013-master\mp\src\tier1\release\utlbinaryblock.obj
z:\hl2dm-zombiesatphoneburnia-sdk-latest-master\source-sdk-2013-master\mp\src\tier1\release\utlbuffer.obj
z:\hl2dm-zombiesatphoneburnia-sdk-latest-master\source-sdk-2013-master\mp\src\tier1\release\utlbufferutil.obj
z:\hl2dm-zombiesatphoneburnia-sdk-latest-master\source-sdk-2013-master\mp\src\tier1\release\utlstring.obj
z:\hl2dm-zombiesatphoneburnia-sdk-latest-master\source-sdk-2013-master\mp\src\tier1\release\utlsymbol.obj
z:\hl2dm-zombiesatphoneburnia-sdk-latest-master\source-sdk-2013-master\mp\src\tier1\..\lib\public\.\tier1.lib
z:\hl2dm-zombiesatphoneburnia-sdk-latest-master\source-sdk-2013-master\mp\src\tier1\release\tier1.tlog\cl.command.1.tlog
z:\hl2dm-zombiesatphoneburnia-sdk-latest-master\source-sdk-2013-master\mp\src\tier1\release\tier1.tlog\cl.read.1.tlog
z:\hl2dm-zombiesatphoneburnia-sdk-latest-master\source-sdk-2013-master\mp\src\tier1\release\tier1.tlog\cl.write.1.tlog
z:\hl2dm-zombiesatphoneburnia-sdk-latest-master\source-sdk-2013-master\mp\src\tier1\release\tier1.tlog\custombuild.command.1.tlog
z:\hl2dm-zombiesatphoneburnia-sdk-latest-master\source-sdk-2013-master\mp\src\tier1\release\tier1.tlog\custombuild.read.1.tlog
z:\hl2dm-zombiesatphoneburnia-sdk-latest-master\source-sdk-2013-master\mp\src\tier1\release\tier1.tlog\custombuild.write.1.tlog
z:\hl2dm-zombiesatphoneburnia-sdk-latest-master\source-sdk-2013-master\mp\src\tier1\release\tier1.tlog\lib-link.read.1.tlog
z:\hl2dm-zombiesatphoneburnia-sdk-latest-master\source-sdk-2013-master\mp\src\tier1\release\tier1.tlog\lib-link.write.1.tlog
z:\hl2dm-zombiesatphoneburnia-sdk-latest-master\source-sdk-2013-master\mp\src\tier1\release\tier1.tlog\lib.command.1.tlog
