c:\users\ethorbit\documents\github\source-sdk-2013-master\mp\src\mathlib\mathlib.vpc.sentinel
z:\hl2dm-zombiesatphoneburnia-sdk-latest-master\source-sdk-2013-master\mp\src\lib\public\mathlib.lib
z:\hl2dm-zombiesatphoneburnia-sdk-latest-master\source-sdk-2013-master\mp\src\mathlib\release\3dnow.obj
z:\hl2dm-zombiesatphoneburnia-sdk-latest-master\source-sdk-2013-master\mp\src\mathlib\release\almostequal.obj
z:\hl2dm-zombiesatphoneburnia-sdk-latest-master\source-sdk-2013-master\mp\src\mathlib\release\anorms.obj
z:\hl2dm-zombiesatphoneburnia-sdk-latest-master\source-sdk-2013-master\mp\src\mathlib\release\bumpvects.obj
z:\hl2dm-zombiesatphoneburnia-sdk-latest-master\source-sdk-2013-master\mp\src\mathlib\release\color_conversion.obj
z:\hl2dm-zombiesatphoneburnia-sdk-latest-master\source-sdk-2013-master\mp\src\mathlib\release\halton.obj
z:\hl2dm-zombiesatphoneburnia-sdk-latest-master\source-sdk-2013-master\mp\src\mathlib\release\icekey.obj
z:\hl2dm-zombiesatphoneburnia-sdk-latest-master\source-sdk-2013-master\mp\src\mathlib\release\imagequant.obj
z:\hl2dm-zombiesatphoneburnia-sdk-latest-master\source-sdk-2013-master\mp\src\mathlib\release\lightdesc.obj
z:\hl2dm-zombiesatphoneburnia-sdk-latest-master\source-sdk-2013-master\mp\src\mathlib\release\mathlib_base.obj
z:\hl2dm-zombiesatphoneburnia-sdk-latest-master\source-sdk-2013-master\mp\src\mathlib\release\polyhedron.obj
z:\hl2dm-zombiesatphoneburnia-sdk-latest-master\source-sdk-2013-master\mp\src\mathlib\release\powsse.obj
z:\hl2dm-zombiesatphoneburnia-sdk-latest-master\source-sdk-2013-master\mp\src\mathlib\release\quantize.obj
z:\hl2dm-zombiesatphoneburnia-sdk-latest-master\source-sdk-2013-master\mp\src\mathlib\release\randsse.obj
z:\hl2dm-zombiesatphoneburnia-sdk-latest-master\source-sdk-2013-master\mp\src\mathlib\release\simdvectormatrix.obj
z:\hl2dm-zombiesatphoneburnia-sdk-latest-master\source-sdk-2013-master\mp\src\mathlib\release\sparse_convolution_noise.obj
z:\hl2dm-zombiesatphoneburnia-sdk-latest-master\source-sdk-2013-master\mp\src\mathlib\release\spherical.obj
z:\hl2dm-zombiesatphoneburnia-sdk-latest-master\source-sdk-2013-master\mp\src\mathlib\release\sse.obj
z:\hl2dm-zombiesatphoneburnia-sdk-latest-master\source-sdk-2013-master\mp\src\mathlib\release\sseconst.obj
z:\hl2dm-zombiesatphoneburnia-sdk-latest-master\source-sdk-2013-master\mp\src\mathlib\release\ssenoise.obj
z:\hl2dm-zombiesatphoneburnia-sdk-latest-master\source-sdk-2013-master\mp\src\mathlib\release\vector.obj
z:\hl2dm-zombiesatphoneburnia-sdk-latest-master\source-sdk-2013-master\mp\src\mathlib\release\vmatrix.obj
z:\hl2dm-zombiesatphoneburnia-sdk-latest-master\source-sdk-2013-master\mp\src\mathlib\..\lib\public\.\mathlib.lib
z:\hl2dm-zombiesatphoneburnia-sdk-latest-master\source-sdk-2013-master\mp\src\mathlib\release\mathlib.tlog\cl.command.1.tlog
z:\hl2dm-zombiesatphoneburnia-sdk-latest-master\source-sdk-2013-master\mp\src\mathlib\release\mathlib.tlog\cl.read.1.tlog
z:\hl2dm-zombiesatphoneburnia-sdk-latest-master\source-sdk-2013-master\mp\src\mathlib\release\mathlib.tlog\custombuild.command.1.tlog
z:\hl2dm-zombiesatphoneburnia-sdk-latest-master\source-sdk-2013-master\mp\src\mathlib\release\mathlib.tlog\custombuild.read.1.tlog
z:\hl2dm-zombiesatphoneburnia-sdk-latest-master\source-sdk-2013-master\mp\src\mathlib\release\mathlib.tlog\custombuild.write.1.tlog
z:\hl2dm-zombiesatphoneburnia-sdk-latest-master\source-sdk-2013-master\mp\src\mathlib\release\mathlib.tlog\lib-link.read.1.tlog
z:\hl2dm-zombiesatphoneburnia-sdk-latest-master\source-sdk-2013-master\mp\src\mathlib\release\mathlib.tlog\lib-link.write.1.tlog
z:\hl2dm-zombiesatphoneburnia-sdk-latest-master\source-sdk-2013-master\mp\src\mathlib\release\mathlib.tlog\lib.command.1.tlog
