f:\steam\steamapps\common\source-sdk-2013-master\mp\src\game\server\debug_mod_hl2mp\server.pch
f:\steam\steamapps\common\source-sdk-2013-master\mp\src\game\server\debug_mod_hl2mp\vc120.pdb
f:\steam\steamapps\common\source-sdk-2013-master\mp\src\game\server\debug_mod_hl2mp\vc120.idb
f:\steam\steamapps\common\source-sdk-2013-master\mp\src\game\server\debug_mod_hl2mp\stdafx.obj
f:\steam\steamapps\common\source-sdk-2013-master\mp\src\game\server\debug_mod_hl2mp\gamedll_replay.obj
f:\steam\steamapps\common\source-sdk-2013-master\mp\src\game\server\debug_mod_hl2mp\achievementmgr.obj
f:\steam\steamapps\common\source-sdk-2013-master\mp\src\game\server\debug_mod_hl2mp\activitylist.obj
f:\steam\steamapps\common\source-sdk-2013-master\mp\src\game\server\debug_mod_hl2mp\ai_baseactor.obj
f:\steam\steamapps\common\source-sdk-2013-master\mp\src\game\server\debug_mod_hl2mp\ai_basenpc.obj
f:\steam\steamapps\common\source-sdk-2013-master\mp\src\game\server\debug_mod_hl2mp\ai_basenpc_schedule.obj
f:\steam\steamapps\common\source-sdk-2013-master\mp\src\game\server\debug_mod_hl2mp\ai_behavior.obj
f:\steam\steamapps\common\source-sdk-2013-master\mp\src\game\server\debug_mod_hl2mp\ai_behavior_fear.obj
f:\steam\steamapps\common\source-sdk-2013-master\mp\src\game\server\debug_mod_hl2mp\ai_behavior_lead.obj
f:\steam\steamapps\common\source-sdk-2013-master\mp\src\game\server\debug_mod_hl2mp\ai_blended_movement.obj
f:\steam\steamapps\common\source-sdk-2013-master\mp\src\game\server\debug_mod_hl2mp\ai_concommands.obj
f:\steam\steamapps\common\source-sdk-2013-master\mp\src\game\server\debug_mod_hl2mp\ai_default.obj
f:\steam\steamapps\common\source-sdk-2013-master\mp\src\game\server\debug_mod_hl2mp\ai_goalentity.obj
f:\steam\steamapps\common\source-sdk-2013-master\mp\src\game\server\debug_mod_hl2mp\ai_hull.obj
f:\steam\steamapps\common\source-sdk-2013-master\mp\src\game\server\debug_mod_hl2mp\ai_initutils.obj
f:\steam\steamapps\common\source-sdk-2013-master\mp\src\game\server\debug_mod_hl2mp\ai_looktarget.obj
f:\steam\steamapps\common\source-sdk-2013-master\mp\src\game\server\debug_mod_hl2mp\ai_memory.obj
f:\steam\steamapps\common\source-sdk-2013-master\mp\src\game\server\debug_mod_hl2mp\ai_moveprobe.obj
f:\steam\steamapps\common\source-sdk-2013-master\mp\src\game\server\debug_mod_hl2mp\ai_movesolver.obj
f:\steam\steamapps\common\source-sdk-2013-master\mp\src\game\server\debug_mod_hl2mp\ai_navigator.obj
f:\steam\steamapps\common\source-sdk-2013-master\mp\src\game\server\debug_mod_hl2mp\ai_node.obj
f:\steam\steamapps\common\source-sdk-2013-master\mp\src\game\server\debug_mod_hl2mp\ai_pathfinder.obj
f:\steam\steamapps\common\source-sdk-2013-master\mp\src\game\server\debug_mod_hl2mp\ai_playerally.obj
f:\steam\steamapps\common\source-sdk-2013-master\mp\src\game\server\debug_mod_hl2mp\ai_saverestore.obj
f:\steam\steamapps\common\source-sdk-2013-master\mp\src\game\server\debug_mod_hl2mp\ai_sentence.obj
f:\steam\steamapps\common\source-sdk-2013-master\mp\src\game\server\debug_mod_hl2mp\ai_speechfilter.obj
f:\steam\steamapps\common\source-sdk-2013-master\mp\src\game\server\debug_mod_hl2mp\ai_tacticalservices.obj
f:\steam\steamapps\common\source-sdk-2013-master\mp\src\game\server\debug_mod_hl2mp\ai_trackpather.obj
f:\steam\steamapps\common\source-sdk-2013-master\mp\src\game\server\debug_mod_hl2mp\ai_waypoint.obj
f:\steam\steamapps\common\source-sdk-2013-master\mp\src\game\server\debug_mod_hl2mp\base_playeranimstate.obj
f:\steam\steamapps\common\source-sdk-2013-master\mp\src\game\server\debug_mod_hl2mp\baseanimating.obj
f:\steam\steamapps\common\source-sdk-2013-master\mp\src\game\server\debug_mod_hl2mp\basecombatcharacter_shared.obj
f:\steam\steamapps\common\source-sdk-2013-master\mp\src\game\server\debug_mod_hl2mp\basecombatweapon.obj
f:\steam\steamapps\common\source-sdk-2013-master\mp\src\game\server\debug_mod_hl2mp\baseentity.obj
f:\steam\steamapps\common\source-sdk-2013-master\mp\src\game\server\debug_mod_hl2mp\basegrenade_concussion.obj
f:\steam\steamapps\common\source-sdk-2013-master\mp\src\game\server\debug_mod_hl2mp\basegrenade_contact.obj
f:\steam\steamapps\common\source-sdk-2013-master\mp\src\game\server\debug_mod_hl2mp\basegrenade_shared.obj
f:\steam\steamapps\common\source-sdk-2013-master\mp\src\game\server\debug_mod_hl2mp\basemultiplayerplayer.obj
f:\steam\steamapps\common\source-sdk-2013-master\mp\src\game\server\debug_mod_hl2mp\baseprojectile.obj
f:\steam\steamapps\common\source-sdk-2013-master\mp\src\game\server\debug_mod_hl2mp\baseviewmodel.obj
f:\steam\steamapps\common\source-sdk-2013-master\mp\src\game\server\debug_mod_hl2mp\baseviewmodel_shared.obj
f:\steam\steamapps\common\source-sdk-2013-master\mp\src\game\server\debug_mod_hl2mp\beam_shared.obj
f:\steam\steamapps\common\source-sdk-2013-master\mp\src\game\server\debug_mod_hl2mp\bmodels.obj
f:\steam\steamapps\common\source-sdk-2013-master\mp\src\game\server\debug_mod_hl2mp\cbase.obj
f:\steam\steamapps\common\source-sdk-2013-master\mp\src\game\server\debug_mod_hl2mp\collisionproperty.obj
f:\steam\steamapps\common\source-sdk-2013-master\mp\src\game\server\debug_mod_hl2mp\colorcorrection.obj
f:\steam\steamapps\common\source-sdk-2013-master\mp\src\game\server\debug_mod_hl2mp\colorcorrectionvolume.obj
f:\steam\steamapps\common\source-sdk-2013-master\mp\src\game\server\debug_mod_hl2mp\controlentities.obj
f:\steam\steamapps\common\source-sdk-2013-master\mp\src\game\server\debug_mod_hl2mp\cplane.obj
f:\steam\steamapps\common\source-sdk-2013-master\mp\src\game\server\debug_mod_hl2mp\cragdollmagnet.obj
f:\steam\steamapps\common\source-sdk-2013-master\mp\src\game\server\debug_mod_hl2mp\damagemodifier.obj
f:\steam\steamapps\common\source-sdk-2013-master\mp\src\game\server\debug_mod_hl2mp\death_pose.obj
f:\steam\steamapps\common\source-sdk-2013-master\mp\src\game\server\debug_mod_hl2mp\debugoverlay_shared.obj
f:\steam\steamapps\common\source-sdk-2013-master\mp\src\game\server\debug_mod_hl2mp\decals.obj
f:\steam\steamapps\common\source-sdk-2013-master\mp\src\game\server\debug_mod_hl2mp\dynamiclight.obj
f:\steam\steamapps\common\source-sdk-2013-master\mp\src\game\server\debug_mod_hl2mp\effect_dispatch_data.obj
f:\steam\steamapps\common\source-sdk-2013-master\mp\src\game\server\debug_mod_hl2mp\effectsserver.obj
f:\steam\steamapps\common\source-sdk-2013-master\mp\src\game\server\debug_mod_hl2mp\ehandle.obj
f:\steam\steamapps\common\source-sdk-2013-master\mp\src\game\server\debug_mod_hl2mp\entityblocker.obj
f:\steam\steamapps\common\source-sdk-2013-master\mp\src\game\server\debug_mod_hl2mp\entitydissolve.obj
f:\steam\steamapps\common\source-sdk-2013-master\mp\src\game\server\debug_mod_hl2mp\entitylist.obj
f:\steam\steamapps\common\source-sdk-2013-master\mp\src\game\server\debug_mod_hl2mp\env_screenoverlay.obj
f:\steam\steamapps\common\source-sdk-2013-master\mp\src\game\server\debug_mod_hl2mp\env_tonemap_controller.obj
f:\steam\steamapps\common\source-sdk-2013-master\mp\src\game\server\debug_mod_hl2mp\env_zoom.obj
f:\steam\steamapps\common\source-sdk-2013-master\mp\src\game\server\debug_mod_hl2mp\envfade.obj
f:\steam\steamapps\common\source-sdk-2013-master\mp\src\game\server\debug_mod_hl2mp\envlaser.obj
f:\steam\steamapps\common\source-sdk-2013-master\mp\src\game\server\debug_mod_hl2mp\envmicrophone.obj
f:\steam\steamapps\common\source-sdk-2013-master\mp\src\game\server\debug_mod_hl2mp\envspark.obj
f:\steam\steamapps\common\source-sdk-2013-master\mp\src\game\server\debug_mod_hl2mp\eventlog.obj
f:\steam\steamapps\common\source-sdk-2013-master\mp\src\game\server\debug_mod_hl2mp\filters.obj
f:\steam\steamapps\common\source-sdk-2013-master\mp\src\game\server\debug_mod_hl2mp\fire_smoke.obj
f:\steam\steamapps\common\source-sdk-2013-master\mp\src\game\server\debug_mod_hl2mp\fogcontroller.obj
f:\steam\steamapps\common\source-sdk-2013-master\mp\src\game\server\debug_mod_hl2mp\func_areaportal.obj
f:\steam\steamapps\common\source-sdk-2013-master\mp\src\game\server\debug_mod_hl2mp\func_areaportalbase.obj
f:\steam\steamapps\common\source-sdk-2013-master\mp\src\game\server\debug_mod_hl2mp\func_areaportalwindow.obj
f:\steam\steamapps\common\source-sdk-2013-master\mp\src\game\server\debug_mod_hl2mp\func_break.obj
f:\steam\steamapps\common\source-sdk-2013-master\mp\src\game\server\debug_mod_hl2mp\func_dust.obj
f:\steam\steamapps\common\source-sdk-2013-master\mp\src\game\server\debug_mod_hl2mp\func_ladder.obj
f:\steam\steamapps\common\source-sdk-2013-master\mp\src\game\server\debug_mod_hl2mp\func_lod.obj
f:\steam\steamapps\common\source-sdk-2013-master\mp\src\game\server\debug_mod_hl2mp\func_movelinear.obj
f:\steam\steamapps\common\source-sdk-2013-master\mp\src\game\server\debug_mod_hl2mp\func_reflective_glass.obj
f:\steam\steamapps\common\source-sdk-2013-master\mp\src\game\server\debug_mod_hl2mp\game.obj
f:\steam\steamapps\common\source-sdk-2013-master\mp\src\game\server\debug_mod_hl2mp\game_ui.obj
f:\steam\steamapps\common\source-sdk-2013-master\mp\src\game\server\debug_mod_hl2mp\gamemovement.obj
f:\steam\steamapps\common\source-sdk-2013-master\mp\src\game\server\debug_mod_hl2mp\gamerules.obj
f:\steam\steamapps\common\source-sdk-2013-master\mp\src\game\server\debug_mod_hl2mp\gamerules_register.obj
f:\steam\steamapps\common\source-sdk-2013-master\mp\src\game\server\debug_mod_hl2mp\gamestats.obj
f:\steam\steamapps\common\source-sdk-2013-master\mp\src\game\server\debug_mod_hl2mp\gametrace_dll.obj
f:\steam\steamapps\common\source-sdk-2013-master\mp\src\game\server\debug_mod_hl2mp\gameweaponmanager.obj
f:\steam\steamapps\common\source-sdk-2013-master\mp\src\game\server\debug_mod_hl2mp\genericmonster.obj
f:\steam\steamapps\common\source-sdk-2013-master\mp\src\game\server\debug_mod_hl2mp\globals.obj
f:\steam\steamapps\common\source-sdk-2013-master\mp\src\game\server\debug_mod_hl2mp\globalstate.obj
f:\steam\steamapps\common\source-sdk-2013-master\mp\src\game\server\debug_mod_hl2mp\npc_fastzombie.obj
f:\steam\steamapps\common\source-sdk-2013-master\mp\src\game\server\debug_mod_hl2mp\hintsystem.obj
f:\steam\steamapps\common\source-sdk-2013-master\mp\src\game\server\debug_mod_hl2mp\igamesystem.obj
f:\steam\steamapps\common\source-sdk-2013-master\mp\src\game\server\debug_mod_hl2mp\info_overlay_accessor.obj
f:\steam\steamapps\common\source-sdk-2013-master\mp\src\game\server\debug_mod_hl2mp\intermission.obj
f:\steam\steamapps\common\source-sdk-2013-master\mp\src\game\server\debug_mod_hl2mp\lightglow.obj
f:\steam\steamapps\common\source-sdk-2013-master\mp\src\game\server\debug_mod_hl2mp\lights.obj
f:\steam\steamapps\common\source-sdk-2013-master\mp\src\game\server\debug_mod_hl2mp\logic_measure_movement.obj
f:\steam\steamapps\common\source-sdk-2013-master\mp\src\game\server\debug_mod_hl2mp\logic_navigation.obj
f:\steam\steamapps\common\source-sdk-2013-master\mp\src\game\server\debug_mod_hl2mp\logicentities.obj
f:\steam\steamapps\common\source-sdk-2013-master\mp\src\game\server\debug_mod_hl2mp\mapentities_shared.obj
f:\steam\steamapps\common\source-sdk-2013-master\mp\src\game\server\debug_mod_hl2mp\maprules.obj
f:\steam\steamapps\common\source-sdk-2013-master\mp\src\game\server\debug_mod_hl2mp\materialmodifycontrol.obj
f:\steam\steamapps\common\source-sdk-2013-master\mp\src\game\server\debug_mod_hl2mp\modelentities.obj
f:\steam\steamapps\common\source-sdk-2013-master\mp\src\game\server\debug_mod_hl2mp\monstermaker.obj
f:\steam\steamapps\common\source-sdk-2013-master\mp\src\game\server\debug_mod_hl2mp\ndebugoverlay.obj
f:\steam\steamapps\common\source-sdk-2013-master\mp\src\game\server\debug_mod_hl2mp\npc_vehicledriver.obj
f:\steam\steamapps\common\source-sdk-2013-master\mp\src\game\server\debug_mod_hl2mp\particle_system.obj
f:\steam\steamapps\common\source-sdk-2013-master\mp\src\game\server\debug_mod_hl2mp\pathcorner.obj
f:\steam\steamapps\common\source-sdk-2013-master\mp\src\game\server\debug_mod_hl2mp\pathtrack.obj
f:\steam\steamapps\common\source-sdk-2013-master\mp\src\game\server\debug_mod_hl2mp\phys_controller.obj
f:\steam\steamapps\common\source-sdk-2013-master\mp\src\game\server\debug_mod_hl2mp\physconstraint.obj
f:\steam\steamapps\common\source-sdk-2013-master\mp\src\game\server\debug_mod_hl2mp\physics_bone_follower.obj
f:\steam\steamapps\common\source-sdk-2013-master\mp\src\game\server\debug_mod_hl2mp\physics_cannister.obj
f:\steam\steamapps\common\source-sdk-2013-master\mp\src\game\server\debug_mod_hl2mp\physics_impact_damage.obj
f:\steam\steamapps\common\source-sdk-2013-master\mp\src\game\server\debug_mod_hl2mp\physics_main_shared.obj
f:\steam\steamapps\common\source-sdk-2013-master\mp\src\game\server\debug_mod_hl2mp\physics_prop_ragdoll.obj
f:\steam\steamapps\common\source-sdk-2013-master\mp\src\game\server\debug_mod_hl2mp\physobj.obj
f:\steam\steamapps\common\source-sdk-2013-master\mp\src\game\server\debug_mod_hl2mp\player_command.obj
f:\steam\steamapps\common\source-sdk-2013-master\mp\src\game\server\debug_mod_hl2mp\player_lagcompensation.obj
f:\steam\steamapps\common\source-sdk-2013-master\mp\src\game\server\debug_mod_hl2mp\player_pickup.obj
f:\steam\steamapps\common\source-sdk-2013-master\mp\src\game\server\debug_mod_hl2mp\player_resource.obj
f:\steam\steamapps\common\source-sdk-2013-master\mp\src\game\server\debug_mod_hl2mp\playerinfomanager.obj
f:\steam\steamapps\common\source-sdk-2013-master\mp\src\game\server\debug_mod_hl2mp\playerlocaldata.obj
f:\steam\steamapps\common\source-sdk-2013-master\mp\src\game\server\debug_mod_hl2mp\plugin_check.obj
f:\steam\steamapps\common\source-sdk-2013-master\mp\src\game\server\debug_mod_hl2mp\point_bonusmaps_accessor.obj
f:\steam\steamapps\common\source-sdk-2013-master\mp\src\game\server\debug_mod_hl2mp\point_camera.obj
f:\steam\steamapps\common\source-sdk-2013-master\mp\src\game\server\debug_mod_hl2mp\point_devshot_camera.obj
f:\steam\steamapps\common\source-sdk-2013-master\mp\src\game\server\debug_mod_hl2mp\point_spotlight.obj
f:\steam\steamapps\common\source-sdk-2013-master\mp\src\game\server\debug_mod_hl2mp\pointanglesensor.obj
f:\steam\steamapps\common\source-sdk-2013-master\mp\src\game\server\debug_mod_hl2mp\pointangularvelocitysensor.obj
f:\steam\steamapps\common\source-sdk-2013-master\mp\src\game\server\debug_mod_hl2mp\precache_register.obj
f:\steam\steamapps\common\source-sdk-2013-master\mp\src\game\server\debug_mod_hl2mp\predicted_viewmodel.obj
f:\steam\steamapps\common\source-sdk-2013-master\mp\src\game\server\debug_mod_hl2mp\props_shared.obj
f:\steam\steamapps\common\source-sdk-2013-master\mp\src\game\server\debug_mod_hl2mp\querycache.obj
f:\steam\steamapps\common\source-sdk-2013-master\mp\src\game\server\debug_mod_hl2mp\ragdoll_manager.obj
f:\steam\steamapps\common\source-sdk-2013-master\mp\src\game\server\debug_mod_hl2mp\ragdoll_shared.obj
f:\steam\steamapps\common\source-sdk-2013-master\mp\src\game\server\debug_mod_hl2mp\recipientfilter.obj
f:\steam\steamapps\common\source-sdk-2013-master\mp\src\game\server\debug_mod_hl2mp\rope.obj
f:\steam\steamapps\common\source-sdk-2013-master\mp\src\game\server\debug_mod_hl2mp\saverestore_gamedll.obj
f:\steam\steamapps\common\source-sdk-2013-master\mp\src\game\server\debug_mod_hl2mp\scenecache.obj
f:\steam\steamapps\common\source-sdk-2013-master\mp\src\game\server\debug_mod_hl2mp\sceneentity_shared.obj
f:\steam\steamapps\common\source-sdk-2013-master\mp\src\game\server\debug_mod_hl2mp\scratchpad_gamedll_helpers.obj
f:\steam\steamapps\common\source-sdk-2013-master\mp\src\game\server\debug_mod_hl2mp\scripted.obj
f:\steam\steamapps\common\source-sdk-2013-master\mp\src\game\server\debug_mod_hl2mp\scriptedtarget.obj
f:\steam\steamapps\common\source-sdk-2013-master\mp\src\game\server\debug_mod_hl2mp\sequence_transitioner.obj
f:\steam\steamapps\common\source-sdk-2013-master\mp\src\game\server\debug_mod_hl2mp\servernetworkproperty.obj
f:\steam\steamapps\common\source-sdk-2013-master\mp\src\game\server\debug_mod_hl2mp\shadowcontrol.obj
f:\steam\steamapps\common\source-sdk-2013-master\mp\src\game\server\debug_mod_hl2mp\singleplay_gamerules.obj
f:\steam\steamapps\common\source-sdk-2013-master\mp\src\game\server\debug_mod_hl2mp\slideshow_display.obj
f:\steam\steamapps\common\source-sdk-2013-master\mp\src\game\server\debug_mod_hl2mp\soundemittersystem.obj
f:\steam\steamapps\common\source-sdk-2013-master\mp\src\game\server\debug_mod_hl2mp\soundparametersinternal.obj
f:\steam\steamapps\common\source-sdk-2013-master\mp\src\game\server\debug_mod_hl2mp\soundscape.obj
f:\steam\steamapps\common\source-sdk-2013-master\mp\src\game\server\debug_mod_hl2mp\spotlightend.obj
f:\steam\steamapps\common\source-sdk-2013-master\mp\src\game\server\debug_mod_hl2mp\sprite.obj
f:\steam\steamapps\common\source-sdk-2013-master\mp\src\game\server\debug_mod_hl2mp\subs.obj
f:\steam\steamapps\common\source-sdk-2013-master\mp\src\game\server\debug_mod_hl2mp\survival_gamerules.obj
f:\steam\steamapps\common\source-sdk-2013-master\mp\src\game\server\debug_mod_hl2mp\takedamageinfo.obj
f:\steam\steamapps\common\source-sdk-2013-master\mp\src\game\server\debug_mod_hl2mp\tanktrain.obj
f:\steam\steamapps\common\source-sdk-2013-master\mp\src\game\server\debug_mod_hl2mp\team_control_point.obj
f:\steam\steamapps\common\source-sdk-2013-master\mp\src\game\server\debug_mod_hl2mp\team_control_point_round.obj
f:\steam\steamapps\common\source-sdk-2013-master\mp\src\game\server\debug_mod_hl2mp\team_train_watcher.obj
f:\steam\steamapps\common\source-sdk-2013-master\mp\src\game\server\debug_mod_hl2mp\templateentities.obj
f:\steam\steamapps\common\source-sdk-2013-master\mp\src\game\server\debug_mod_hl2mp\tempmonster.obj
f:\steam\steamapps\common\source-sdk-2013-master\mp\src\game\server\debug_mod_hl2mp\tesla.obj
f:\steam\steamapps\common\source-sdk-2013-master\mp\src\game\server\debug_mod_hl2mp\test_ehandle.obj
f:\steam\steamapps\common\source-sdk-2013-master\mp\src\game\server\debug_mod_hl2mp\test_proxytoggle.obj
f:\steam\steamapps\common\source-sdk-2013-master\mp\src\game\server\debug_mod_hl2mp\test_stressentities.obj
f:\steam\steamapps\common\source-sdk-2013-master\mp\src\game\server\debug_mod_hl2mp\textstatsmgr.obj
f:\steam\steamapps\common\source-sdk-2013-master\mp\src\game\server\debug_mod_hl2mp\trains.obj
f:\steam\steamapps\common\source-sdk-2013-master\mp\src\game\server\debug_mod_hl2mp\triggers.obj
f:\steam\steamapps\common\source-sdk-2013-master\mp\src\game\server\debug_mod_hl2mp\vehicle_baseserver.obj
f:\steam\steamapps\common\source-sdk-2013-master\mp\src\game\server\debug_mod_hl2mp\waterbullet.obj
f:\steam\steamapps\common\source-sdk-2013-master\mp\src\game\server\debug_mod_hl2mp\waterlodcontrol.obj
f:\steam\steamapps\common\source-sdk-2013-master\mp\src\game\server\debug_mod_hl2mp\weapon_parse.obj
f:\steam\steamapps\common\source-sdk-2013-master\mp\src\game\server\debug_mod_hl2mp\weapon_proficiency.obj
f:\steam\steamapps\common\source-sdk-2013-master\mp\src\game\server\debug_mod_hl2mp\weight_button.obj
f:\steam\steamapps\common\source-sdk-2013-master\mp\src\game\server\debug_mod_hl2mp\world.obj
f:\steam\steamapps\common\source-sdk-2013-master\mp\src\game\server\debug_mod_hl2mp\ai_allymanager.obj
f:\steam\steamapps\common\source-sdk-2013-master\mp\src\game\server\debug_mod_hl2mp\ai_behavior_functank.obj
f:\steam\steamapps\common\source-sdk-2013-master\mp\src\game\server\debug_mod_hl2mp\ai_goal_police.obj
f:\steam\steamapps\common\source-sdk-2013-master\mp\src\game\server\debug_mod_hl2mp\ai_spotlight.obj
f:\steam\steamapps\common\source-sdk-2013-master\mp\src\game\server\debug_mod_hl2mp\antlion_dust.obj
f:\steam\steamapps\common\source-sdk-2013-master\mp\src\game\server\debug_mod_hl2mp\antlion_maker.obj
f:\steam\steamapps\common\source-sdk-2013-master\mp\src\game\server\debug_mod_hl2mp\basehlcombatweapon_shared.obj
f:\steam\steamapps\common\source-sdk-2013-master\mp\src\game\server\debug_mod_hl2mp\cbasehelicopter.obj
f:\steam\steamapps\common\source-sdk-2013-master\mp\src\game\server\debug_mod_hl2mp\env_headcrabcanister.obj
f:\steam\steamapps\common\source-sdk-2013-master\mp\src\game\server\debug_mod_hl2mp\grenade_ar2.obj
f:\steam\steamapps\common\source-sdk-2013-master\mp\src\game\server\debug_mod_hl2mp\grenade_bugbait.obj
f:\steam\steamapps\common\source-sdk-2013-master\mp\src\game\server\debug_mod_hl2mp\hl2_eventlog.obj
f:\steam\steamapps\common\source-sdk-2013-master\mp\src\game\server\debug_mod_hl2mp\hl2_gamerules.obj
f:\steam\steamapps\common\source-sdk-2013-master\mp\src\game\server\debug_mod_hl2mp\hl2_playerlocaldata.obj
f:\steam\steamapps\common\source-sdk-2013-master\mp\src\game\server\debug_mod_hl2mp\hl2_triggers.obj
f:\steam\steamapps\common\source-sdk-2013-master\mp\src\game\server\debug_mod_hl2mp\hl2_usermessages.obj
f:\steam\steamapps\common\source-sdk-2013-master\mp\src\game\server\debug_mod_hl2mp\hl_gamemovement.obj
f:\steam\steamapps\common\source-sdk-2013-master\mp\src\game\server\debug_mod_hl2mp\hl_playermove.obj
f:\steam\steamapps\common\source-sdk-2013-master\mp\src\game\server\debug_mod_hl2mp\item_battery.obj
f:\steam\steamapps\common\source-sdk-2013-master\mp\src\game\server\debug_mod_hl2mp\item_healthkit.obj
f:\steam\steamapps\common\source-sdk-2013-master\mp\src\game\server\debug_mod_hl2mp\item_suit.obj
f:\steam\steamapps\common\source-sdk-2013-master\mp\src\game\server\debug_mod_hl2mp\monster_dummy.obj
f:\steam\steamapps\common\source-sdk-2013-master\mp\src\game\server\debug_mod_hl2mp\npc_antlion.obj
f:\steam\steamapps\common\source-sdk-2013-master\mp\src\game\server\debug_mod_hl2mp\npc_apcdriver.obj
f:\steam\steamapps\common\source-sdk-2013-master\mp\src\game\server\debug_mod_hl2mp\npc_attackchopper.obj
f:\steam\steamapps\common\source-sdk-2013-master\mp\src\game\server\debug_mod_hl2mp\npc_basescanner.obj
f:\steam\steamapps\common\source-sdk-2013-master\mp\src\game\server\debug_mod_hl2mp\npc_basezombie.obj
f:\steam\steamapps\common\source-sdk-2013-master\mp\src\game\server\debug_mod_hl2mp\npc_bullseye.obj
f:\steam\steamapps\common\source-sdk-2013-master\mp\src\game\server\debug_mod_hl2mp\npc_combine.obj
f:\steam\steamapps\common\source-sdk-2013-master\mp\src\game\server\debug_mod_hl2mp\npc_combinecamera.obj
f:\steam\steamapps\common\source-sdk-2013-master\mp\src\game\server\debug_mod_hl2mp\npc_combinegunship.obj
f:\steam\steamapps\common\source-sdk-2013-master\mp\src\game\server\debug_mod_hl2mp\npc_cranedriver.obj
f:\steam\steamapps\common\source-sdk-2013-master\mp\src\game\server\debug_mod_hl2mp\npc_dog.obj
f:\steam\steamapps\common\source-sdk-2013-master\mp\src\game\server\debug_mod_hl2mp\npc_fisherman.obj
f:\steam\steamapps\common\source-sdk-2013-master\mp\src\game\server\debug_mod_hl2mp\npc_headcrab.obj
f:\steam\steamapps\common\source-sdk-2013-master\mp\src\game\server\debug_mod_hl2mp\npc_launcher.obj
f:\steam\steamapps\common\source-sdk-2013-master\mp\src\game\server\debug_mod_hl2mp\npc_metropolice.obj
f:\steam\steamapps\common\source-sdk-2013-master\mp\src\game\server\debug_mod_hl2mp\npc_mossman.obj
f:\steam\steamapps\common\source-sdk-2013-master\mp\src\game\server\debug_mod_hl2mp\npc_poisonzombie.obj
f:\steam\steamapps\common\source-sdk-2013-master\mp\src\game\server\debug_mod_hl2mp\npc_rollermine.obj
f:\steam\steamapps\common\source-sdk-2013-master\mp\src\game\server\debug_mod_hl2mp\npc_stalker.obj
f:\steam\steamapps\common\source-sdk-2013-master\mp\src\game\server\debug_mod_hl2mp\npc_talker.obj
f:\steam\steamapps\common\source-sdk-2013-master\mp\src\game\server\debug_mod_hl2mp\npc_turret_ceiling.obj
f:\steam\steamapps\common\source-sdk-2013-master\mp\src\game\server\debug_mod_hl2mp\npc_turret_ground.obj
f:\steam\steamapps\common\source-sdk-2013-master\mp\src\game\server\debug_mod_hl2mp\npc_zombie.obj
f:\steam\steamapps\common\source-sdk-2013-master\mp\src\game\server\debug_mod_hl2mp\point_apc_controller.obj
f:\steam\steamapps\common\source-sdk-2013-master\mp\src\game\server\debug_mod_hl2mp\prop_combine_ball.obj
f:\steam\steamapps\common\source-sdk-2013-master\mp\src\game\server\debug_mod_hl2mp\proto_sniper.obj
f:\steam\steamapps\common\source-sdk-2013-master\mp\src\game\server\debug_mod_hl2mp\vehicle_crane.obj
f:\steam\steamapps\common\source-sdk-2013-master\mp\src\game\server\debug_mod_hl2mp\weapon_annabelle.obj
f:\steam\steamapps\common\source-sdk-2013-master\mp\src\game\server\debug_mod_hl2mp\weapon_cubemap.obj
f:\steam\steamapps\common\source-sdk-2013-master\mp\src\game\server\debug_mod_hl2mp\grenade_beam.obj
f:\steam\steamapps\common\source-sdk-2013-master\mp\src\game\server\debug_mod_hl2mp\grenade_homer.obj
f:\steam\steamapps\common\source-sdk-2013-master\mp\src\game\server\debug_mod_hl2mp\npc_missiledefense.obj
f:\steam\steamapps\common\source-sdk-2013-master\mp\src\game\server\debug_mod_hl2mp\weapon_cguard.obj
f:\steam\steamapps\common\source-sdk-2013-master\mp\src\game\server\debug_mod_hl2mp\weapon_flaregun.obj
f:\steam\steamapps\common\source-sdk-2013-master\mp\src\game\server\debug_mod_hl2mp\hl2mp_bot_temp.obj
f:\steam\steamapps\common\source-sdk-2013-master\mp\src\game\server\debug_mod_hl2mp\hl2mp_cvars.obj
f:\steam\steamapps\common\source-sdk-2013-master\mp\src\game\server\debug_mod_hl2mp\hl2mp_gamerules.obj
f:\steam\steamapps\common\source-sdk-2013-master\mp\src\game\server\debug_mod_hl2mp\hl2mp_player_shared.obj
f:\steam\steamapps\common\source-sdk-2013-master\mp\src\game\server\debug_mod_hl2mp\grenade_tripmine.obj
f:\steam\steamapps\common\source-sdk-2013-master\mp\src\game\server\debug_mod_hl2mp\te_hl2mp_shotgun_shot.obj
f:\steam\steamapps\common\source-sdk-2013-master\mp\src\game\server\debug_mod_hl2mp\weapon_357.obj
f:\steam\steamapps\common\source-sdk-2013-master\mp\src\game\server\debug_mod_hl2mp\weapon_crossbow.obj
f:\steam\steamapps\common\source-sdk-2013-master\mp\src\game\server\debug_mod_hl2mp\weapon_frag.obj
f:\steam\steamapps\common\source-sdk-2013-master\mp\src\game\server\debug_mod_hl2mp\weapon_hl2mpbase_machinegun.obj
f:\steam\steamapps\common\source-sdk-2013-master\mp\src\game\server\debug_mod_hl2mp\weapon_hl2mpbasehlmpcombatweapon.obj
f:\steam\steamapps\common\source-sdk-2013-master\mp\src\game\server\debug_mod_hl2mp\weapon_pistol.obj
f:\steam\steamapps\common\source-sdk-2013-master\mp\src\game\server\debug_mod_hl2mp\weapon_rpg.obj
f:\steam\steamapps\common\source-sdk-2013-master\mp\src\game\server\debug_mod_hl2mp\weapon_slam.obj
f:\steam\steamapps\common\source-sdk-2013-master\mp\src\game\server\debug_mod_hl2mp\nav_area.obj
f:\steam\steamapps\common\source-sdk-2013-master\mp\src\game\server\debug_mod_hl2mp\nav_colors.obj
f:\steam\steamapps\common\source-sdk-2013-master\mp\src\game\server\debug_mod_hl2mp\nav_edit.obj
f:\steam\steamapps\common\source-sdk-2013-master\mp\src\game\server\debug_mod_hl2mp\nav_file.obj
f:\steam\steamapps\common\source-sdk-2013-master\mp\src\game\server\debug_mod_hl2mp\nav_ladder.obj
f:\steam\steamapps\common\source-sdk-2013-master\mp\src\game\server\debug_mod_hl2mp\nav_mesh.obj
f:\steam\steamapps\common\source-sdk-2013-master\mp\src\game\server\debug_mod_hl2mp\nav_node.obj
f:\steam\steamapps\common\source-sdk-2013-master\mp\src\game\server\debug_mod_hl2mp\basetempentity.obj
f:\steam\steamapps\common\source-sdk-2013-master\mp\src\game\server\debug_mod_hl2mp\movie_explosion.obj
f:\steam\steamapps\common\source-sdk-2013-master\mp\src\game\server\debug_mod_hl2mp\particle_smokegrenade.obj
f:\steam\steamapps\common\source-sdk-2013-master\mp\src\game\server\debug_mod_hl2mp\smoke_trail.obj
f:\steam\steamapps\common\source-sdk-2013-master\mp\src\game\server\debug_mod_hl2mp\spritetrail.obj
f:\steam\steamapps\common\source-sdk-2013-master\mp\src\game\server\debug_mod_hl2mp\te_armorricochet.obj
f:\steam\steamapps\common\source-sdk-2013-master\mp\src\game\server\debug_mod_hl2mp\te_beamentpoint.obj
f:\steam\steamapps\common\source-sdk-2013-master\mp\src\game\server\debug_mod_hl2mp\te_beamfollow.obj
f:\steam\steamapps\common\source-sdk-2013-master\mp\src\game\server\debug_mod_hl2mp\te_beampoints.obj
f:\steam\steamapps\common\source-sdk-2013-master\mp\src\game\server\debug_mod_hl2mp\te_beamringpoint.obj
f:\steam\steamapps\common\source-sdk-2013-master\mp\src\game\server\debug_mod_hl2mp\te_bloodstream.obj
f:\steam\steamapps\common\source-sdk-2013-master\mp\src\game\server\debug_mod_hl2mp\te_breakmodel.obj
f:\steam\steamapps\common\source-sdk-2013-master\mp\src\game\server\debug_mod_hl2mp\te_bubbletrail.obj
f:\steam\steamapps\common\source-sdk-2013-master\mp\src\game\server\debug_mod_hl2mp\te_decal.obj
f:\steam\steamapps\common\source-sdk-2013-master\mp\src\game\server\debug_mod_hl2mp\te_effect_dispatch.obj
f:\steam\steamapps\common\source-sdk-2013-master\mp\src\game\server\debug_mod_hl2mp\te_energysplash.obj
f:\steam\steamapps\common\source-sdk-2013-master\mp\src\game\server\debug_mod_hl2mp\te_fizz.obj
f:\steam\steamapps\common\source-sdk-2013-master\mp\src\game\server\debug_mod_hl2mp\te_glassshatter.obj
f:\steam\steamapps\common\source-sdk-2013-master\mp\src\game\server\debug_mod_hl2mp\te_impact.obj
f:\steam\steamapps\common\source-sdk-2013-master\mp\src\game\server\debug_mod_hl2mp\te_largefunnel.obj
f:\steam\steamapps\common\source-sdk-2013-master\mp\src\game\server\debug_mod_hl2mp\te_particlesystem.obj
f:\steam\steamapps\common\source-sdk-2013-master\mp\src\game\server\debug_mod_hl2mp\te_playerdecal.obj
f:\steam\steamapps\common\source-sdk-2013-master\mp\src\game\server\debug_mod_hl2mp\te_showline.obj
f:\steam\steamapps\common\source-sdk-2013-master\mp\src\game\server\debug_mod_hl2mp\te_smoke.obj
f:\steam\steamapps\common\source-sdk-2013-master\mp\src\game\server\debug_mod_hl2mp\te_spritespray.obj
f:\steam\steamapps\common\source-sdk-2013-master\mp\src\game\server\debug_mod_hl2mp\te_worlddecal.obj
f:\steam\steamapps\common\source-sdk-2013-master\mp\src\game\server\debug_mod_hl2mp\entity_tools_server.obj
f:\steam\steamapps\common\source-sdk-2013-master\mp\src\game\server\debug_mod_hl2mp\achievement_saverestore.obj
f:\steam\steamapps\common\source-sdk-2013-master\mp\src\game\server\debug_mod_hl2mp\achievements_hlx.obj
f:\steam\steamapps\common\source-sdk-2013-master\mp\src\game\server\debug_mod_hl2mp\ai_activity.obj
f:\steam\steamapps\common\source-sdk-2013-master\mp\src\game\server\debug_mod_hl2mp\ai_basehumanoid.obj
f:\steam\steamapps\common\source-sdk-2013-master\mp\src\game\server\debug_mod_hl2mp\ai_basenpc_flyer.obj
f:\steam\steamapps\common\source-sdk-2013-master\mp\src\game\server\debug_mod_hl2mp\ai_basenpc_flyer_new.obj
f:\steam\steamapps\common\source-sdk-2013-master\mp\src\game\server\debug_mod_hl2mp\ai_basenpc_movement.obj
f:\steam\steamapps\common\source-sdk-2013-master\mp\src\game\server\debug_mod_hl2mp\ai_basenpc_physicsflyer.obj
f:\steam\steamapps\common\source-sdk-2013-master\mp\src\game\server\debug_mod_hl2mp\ai_basenpc_squad.obj
f:\steam\steamapps\common\source-sdk-2013-master\mp\src\game\server\debug_mod_hl2mp\ai_behavior_assault.obj
f:\steam\steamapps\common\source-sdk-2013-master\mp\src\game\server\debug_mod_hl2mp\ai_behavior_follow.obj
f:\steam\steamapps\common\source-sdk-2013-master\mp\src\game\server\debug_mod_hl2mp\ai_behavior_rappel.obj
f:\steam\steamapps\common\source-sdk-2013-master\mp\src\game\server\debug_mod_hl2mp\ai_behavior_standoff.obj
f:\steam\steamapps\common\source-sdk-2013-master\mp\src\game\server\debug_mod_hl2mp\ai_condition.obj
f:\steam\steamapps\common\source-sdk-2013-master\mp\src\game\server\debug_mod_hl2mp\ai_criteria.obj
f:\steam\steamapps\common\source-sdk-2013-master\mp\src\game\server\debug_mod_hl2mp\ai_dynamiclink.obj
f:\steam\steamapps\common\source-sdk-2013-master\mp\src\game\server\debug_mod_hl2mp\ai_event.obj
f:\steam\steamapps\common\source-sdk-2013-master\mp\src\game\server\debug_mod_hl2mp\ai_hint.obj
f:\steam\steamapps\common\source-sdk-2013-master\mp\src\game\server\debug_mod_hl2mp\ai_interest_target.obj
f:\steam\steamapps\common\source-sdk-2013-master\mp\src\game\server\debug_mod_hl2mp\ai_link.obj
f:\steam\steamapps\common\source-sdk-2013-master\mp\src\game\server\debug_mod_hl2mp\ai_localnavigator.obj
f:\steam\steamapps\common\source-sdk-2013-master\mp\src\game\server\debug_mod_hl2mp\ai_motor.obj
f:\steam\steamapps\common\source-sdk-2013-master\mp\src\game\server\debug_mod_hl2mp\ai_moveshoot.obj
f:\steam\steamapps\common\source-sdk-2013-master\mp\src\game\server\debug_mod_hl2mp\ai_namespaces.obj
f:\steam\steamapps\common\source-sdk-2013-master\mp\src\game\server\debug_mod_hl2mp\ai_network.obj
f:\steam\steamapps\common\source-sdk-2013-master\mp\src\game\server\debug_mod_hl2mp\ai_networkmanager.obj
f:\steam\steamapps\common\source-sdk-2013-master\mp\src\game\server\debug_mod_hl2mp\ai_planesolver.obj
f:\steam\steamapps\common\source-sdk-2013-master\mp\src\game\server\debug_mod_hl2mp\ai_relationship.obj
f:\steam\steamapps\common\source-sdk-2013-master\mp\src\game\server\debug_mod_hl2mp\ai_responsesystem.obj
f:\steam\steamapps\common\source-sdk-2013-master\mp\src\game\server\debug_mod_hl2mp\ai_route.obj
f:\steam\steamapps\common\source-sdk-2013-master\mp\src\game\server\debug_mod_hl2mp\ai_schedule.obj
f:\steam\steamapps\common\source-sdk-2013-master\mp\src\game\server\debug_mod_hl2mp\ai_scriptconditions.obj
f:\steam\steamapps\common\source-sdk-2013-master\mp\src\game\server\debug_mod_hl2mp\ai_senses.obj
f:\steam\steamapps\common\source-sdk-2013-master\mp\src\game\server\debug_mod_hl2mp\ai_speech.obj
f:\steam\steamapps\common\source-sdk-2013-master\mp\src\game\server\debug_mod_hl2mp\ai_squad.obj
f:\steam\steamapps\common\source-sdk-2013-master\mp\src\game\server\debug_mod_hl2mp\ai_squadslot.obj
f:\steam\steamapps\common\source-sdk-2013-master\mp\src\game\server\debug_mod_hl2mp\ai_task.obj
f:\steam\steamapps\common\source-sdk-2013-master\mp\src\game\server\debug_mod_hl2mp\ai_utils.obj
f:\steam\steamapps\common\source-sdk-2013-master\mp\src\game\server\debug_mod_hl2mp\ammodef.obj
f:\steam\steamapps\common\source-sdk-2013-master\mp\src\game\server\debug_mod_hl2mp\animation.obj
f:\steam\steamapps\common\source-sdk-2013-master\mp\src\game\server\debug_mod_hl2mp\base_transmit_proxy.obj
f:\steam\steamapps\common\source-sdk-2013-master\mp\src\game\server\debug_mod_hl2mp\baseachievement.obj
f:\steam\steamapps\common\source-sdk-2013-master\mp\src\game\server\debug_mod_hl2mp\baseanimatingoverlay.obj
f:\steam\steamapps\common\source-sdk-2013-master\mp\src\game\server\debug_mod_hl2mp\basecombatcharacter.obj
f:\steam\steamapps\common\source-sdk-2013-master\mp\src\game\server\debug_mod_hl2mp\basecombatweapon_shared.obj
f:\steam\steamapps\common\source-sdk-2013-master\mp\src\game\server\debug_mod_hl2mp\baseentity_shared.obj
f:\steam\steamapps\common\source-sdk-2013-master\mp\src\game\server\debug_mod_hl2mp\baseflex.obj
f:\steam\steamapps\common\source-sdk-2013-master\mp\src\game\server\debug_mod_hl2mp\basegrenade_timed.obj
f:\steam\steamapps\common\source-sdk-2013-master\mp\src\game\server\debug_mod_hl2mp\baseparticleentity.obj
f:\steam\steamapps\common\source-sdk-2013-master\mp\src\game\server\debug_mod_hl2mp\baseplayer_shared.obj
f:\steam\steamapps\common\source-sdk-2013-master\mp\src\game\server\debug_mod_hl2mp\bitstring.obj
f:\steam\steamapps\common\source-sdk-2013-master\mp\src\game\server\debug_mod_hl2mp\buttons.obj
f:\steam\steamapps\common\source-sdk-2013-master\mp\src\game\server\debug_mod_hl2mp\client.obj
f:\steam\steamapps\common\source-sdk-2013-master\mp\src\game\server\debug_mod_hl2mp\commentarysystem.obj
f:\steam\steamapps\common\source-sdk-2013-master\mp\src\game\server\debug_mod_hl2mp\doors.obj
f:\steam\steamapps\common\source-sdk-2013-master\mp\src\game\server\debug_mod_hl2mp\effects.obj
f:\steam\steamapps\common\source-sdk-2013-master\mp\src\game\server\debug_mod_hl2mp\entityflame.obj
f:\steam\steamapps\common\source-sdk-2013-master\mp\src\game\server\debug_mod_hl2mp\entitylist_base.obj
f:\steam\steamapps\common\source-sdk-2013-master\mp\src\game\server\debug_mod_hl2mp\entityparticletrail.obj
f:\steam\steamapps\common\source-sdk-2013-master\mp\src\game\server\debug_mod_hl2mp\entityparticletrail_shared.obj
f:\steam\steamapps\common\source-sdk-2013-master\mp\src\game\server\debug_mod_hl2mp\env_debughistory.obj
f:\steam\steamapps\common\source-sdk-2013-master\mp\src\game\server\debug_mod_hl2mp\env_detail_controller.obj
f:\steam\steamapps\common\source-sdk-2013-master\mp\src\game\server\debug_mod_hl2mp\env_effectsscript.obj
f:\steam\steamapps\common\source-sdk-2013-master\mp\src\game\server\debug_mod_hl2mp\env_entity_maker.obj
f:\steam\steamapps\common\source-sdk-2013-master\mp\src\game\server\debug_mod_hl2mp\env_particlescript.obj
f:\steam\steamapps\common\source-sdk-2013-master\mp\src\game\server\debug_mod_hl2mp\env_player_surface_trigger.obj
f:\steam\steamapps\common\source-sdk-2013-master\mp\src\game\server\debug_mod_hl2mp\env_projectedtexture.obj
f:\steam\steamapps\common\source-sdk-2013-master\mp\src\game\server\debug_mod_hl2mp\env_texturetoggle.obj
f:\steam\steamapps\common\source-sdk-2013-master\mp\src\game\server\debug_mod_hl2mp\env_wind_shared.obj
f:\steam\steamapps\common\source-sdk-2013-master\mp\src\game\server\debug_mod_hl2mp\envbeam.obj
f:\steam\steamapps\common\source-sdk-2013-master\mp\src\game\server\debug_mod_hl2mp\envhudhint.obj
f:\steam\steamapps\common\source-sdk-2013-master\mp\src\game\server\debug_mod_hl2mp\envmessage.obj
f:\steam\steamapps\common\source-sdk-2013-master\mp\src\game\server\debug_mod_hl2mp\envshake.obj
f:\steam\steamapps\common\source-sdk-2013-master\mp\src\game\server\debug_mod_hl2mp\eventlist.obj
f:\steam\steamapps\common\source-sdk-2013-master\mp\src\game\server\debug_mod_hl2mp\explode.obj
f:\steam\steamapps\common\source-sdk-2013-master\mp\src\game\server\debug_mod_hl2mp\fire.obj
f:\steam\steamapps\common\source-sdk-2013-master\mp\src\game\server\debug_mod_hl2mp\fish.obj
f:\steam\steamapps\common\source-sdk-2013-master\mp\src\game\server\debug_mod_hl2mp\fourwheelvehiclephysics.obj
f:\steam\steamapps\common\source-sdk-2013-master\mp\src\game\server\debug_mod_hl2mp\func_breakablesurf.obj
f:\steam\steamapps\common\source-sdk-2013-master\mp\src\game\server\debug_mod_hl2mp\func_ladder_endpoint.obj
f:\steam\steamapps\common\source-sdk-2013-master\mp\src\game\server\debug_mod_hl2mp\func_monitor.obj
f:\steam\steamapps\common\source-sdk-2013-master\mp\src\game\server\debug_mod_hl2mp\func_occluder.obj
f:\steam\steamapps\common\source-sdk-2013-master\mp\src\game\server\debug_mod_hl2mp\func_smokevolume.obj
f:\steam\steamapps\common\source-sdk-2013-master\mp\src\game\server\debug_mod_hl2mp\gameinterface.obj
f:\steam\steamapps\common\source-sdk-2013-master\mp\src\game\server\debug_mod_hl2mp\gamestringpool.obj
f:\steam\steamapps\common\source-sdk-2013-master\mp\src\game\server\debug_mod_hl2mp\gamevars_shared.obj
f:\steam\steamapps\common\source-sdk-2013-master\mp\src\game\server\debug_mod_hl2mp\genericactor.obj
f:\steam\steamapps\common\source-sdk-2013-master\mp\src\game\server\debug_mod_hl2mp\gib.obj
f:\steam\steamapps\common\source-sdk-2013-master\mp\src\game\server\debug_mod_hl2mp\grenadethrown.obj
f:\steam\steamapps\common\source-sdk-2013-master\mp\src\game\server\debug_mod_hl2mp\guntarget.obj
f:\steam\steamapps\common\source-sdk-2013-master\mp\src\game\server\debug_mod_hl2mp\h_ai.obj
f:\steam\steamapps\common\source-sdk-2013-master\mp\src\game\server\debug_mod_hl2mp\h_cycler.obj
f:\steam\steamapps\common\source-sdk-2013-master\mp\src\game\server\debug_mod_hl2mp\haptic_msgs.obj
f:\steam\steamapps\common\source-sdk-2013-master\mp\src\game\server\debug_mod_hl2mp\haptic_utils.obj
f:\steam\steamapps\common\source-sdk-2013-master\mp\src\game\server\debug_mod_hl2mp\hierarchy.obj
f:\steam\steamapps\common\source-sdk-2013-master\mp\src\game\server\debug_mod_hl2mp\hintmessage.obj
f:\steam\steamapps\common\source-sdk-2013-master\mp\src\game\server\debug_mod_hl2mp\hltvdirector.obj
f:\steam\steamapps\common\source-sdk-2013-master\mp\src\game\server\debug_mod_hl2mp\info_camera_link.obj
f:\steam\steamapps\common\source-sdk-2013-master\mp\src\game\server\debug_mod_hl2mp\item_world.obj
f:\steam\steamapps\common\source-sdk-2013-master\mp\src\game\server\debug_mod_hl2mp\logicauto.obj
f:\steam\steamapps\common\source-sdk-2013-master\mp\src\game\server\debug_mod_hl2mp\logicrelay.obj
f:\steam\steamapps\common\source-sdk-2013-master\mp\src\game\server\debug_mod_hl2mp\mapentities.obj
f:\steam\steamapps\common\source-sdk-2013-master\mp\src\game\server\debug_mod_hl2mp\message_entity.obj
f:\steam\steamapps\common\source-sdk-2013-master\mp\src\game\server\debug_mod_hl2mp\modelsoundscache.obj
f:\steam\steamapps\common\source-sdk-2013-master\mp\src\game\server\debug_mod_hl2mp\movehelper_server.obj
f:\steam\steamapps\common\source-sdk-2013-master\mp\src\game\server\debug_mod_hl2mp\movement.obj
f:\steam\steamapps\common\source-sdk-2013-master\mp\src\game\server\debug_mod_hl2mp\movevars_shared.obj
f:\steam\steamapps\common\source-sdk-2013-master\mp\src\game\server\debug_mod_hl2mp\mp_shareddefs.obj
f:\steam\steamapps\common\source-sdk-2013-master\mp\src\game\server\debug_mod_hl2mp\multiplay_gamerules.obj
f:\steam\steamapps\common\source-sdk-2013-master\mp\src\game\server\debug_mod_hl2mp\obstacle_pushaway.obj
f:\steam\steamapps\common\source-sdk-2013-master\mp\src\game\server\debug_mod_hl2mp\particle_light.obj
f:\steam\steamapps\common\source-sdk-2013-master\mp\src\game\server\debug_mod_hl2mp\particle_parse.obj
f:\steam\steamapps\common\source-sdk-2013-master\mp\src\game\server\debug_mod_hl2mp\particlesystemquery.obj
f:\steam\steamapps\common\source-sdk-2013-master\mp\src\game\server\debug_mod_hl2mp\physics.obj
f:\steam\steamapps\common\source-sdk-2013-master\mp\src\game\server\debug_mod_hl2mp\physics_fx.obj
f:\steam\steamapps\common\source-sdk-2013-master\mp\src\game\server\debug_mod_hl2mp\physics_main.obj
f:\steam\steamapps\common\source-sdk-2013-master\mp\src\game\server\debug_mod_hl2mp\physics_npc_solver.obj
f:\steam\steamapps\common\source-sdk-2013-master\mp\src\game\server\debug_mod_hl2mp\physics_saverestore.obj
f:\steam\steamapps\common\source-sdk-2013-master\mp\src\game\server\debug_mod_hl2mp\physics_shared.obj
f:\steam\steamapps\common\source-sdk-2013-master\mp\src\game\server\debug_mod_hl2mp\player.obj
f:\steam\steamapps\common\source-sdk-2013-master\mp\src\game\server\debug_mod_hl2mp\point_playermoveconstraint.obj
f:\steam\steamapps\common\source-sdk-2013-master\mp\src\game\server\debug_mod_hl2mp\point_posecontroller.obj
f:\steam\steamapps\common\source-sdk-2013-master\mp\src\game\server\debug_mod_hl2mp\point_template.obj
f:\steam\steamapps\common\source-sdk-2013-master\mp\src\game\server\debug_mod_hl2mp\pointhurt.obj
f:\steam\steamapps\common\source-sdk-2013-master\mp\src\game\server\debug_mod_hl2mp\pointteleport.obj
f:\steam\steamapps\common\source-sdk-2013-master\mp\src\game\server\debug_mod_hl2mp\predictableid.obj
f:\steam\steamapps\common\source-sdk-2013-master\mp\src\game\server\debug_mod_hl2mp\props.obj
f:\steam\steamapps\common\source-sdk-2013-master\mp\src\game\server\debug_mod_hl2mp\ragdollboogie.obj
f:\steam\steamapps\common\source-sdk-2013-master\mp\src\game\server\debug_mod_hl2mp\rope_helpers.obj
f:\steam\steamapps\common\source-sdk-2013-master\mp\src\game\server\debug_mod_hl2mp\saverestore.obj
f:\steam\steamapps\common\source-sdk-2013-master\mp\src\game\server\debug_mod_hl2mp\sceneentity.obj
f:\steam\steamapps\common\source-sdk-2013-master\mp\src\game\server\debug_mod_hl2mp\sendproxy.obj
f:\steam\steamapps\common\source-sdk-2013-master\mp\src\game\server\debug_mod_hl2mp\serverbenchmark_base.obj
f:\steam\steamapps\common\source-sdk-2013-master\mp\src\game\server\debug_mod_hl2mp\simtimer.obj
f:\steam\steamapps\common\source-sdk-2013-master\mp\src\game\server\debug_mod_hl2mp\skycamera.obj
f:\steam\steamapps\common\source-sdk-2013-master\mp\src\game\server\debug_mod_hl2mp\sound.obj
f:\steam\steamapps\common\source-sdk-2013-master\mp\src\game\server\debug_mod_hl2mp\soundent.obj
f:\steam\steamapps\common\source-sdk-2013-master\mp\src\game\server\debug_mod_hl2mp\soundenvelope.obj
f:\steam\steamapps\common\source-sdk-2013-master\mp\src\game\server\debug_mod_hl2mp\soundscape_system.obj
f:\steam\steamapps\common\source-sdk-2013-master\mp\src\game\server\debug_mod_hl2mp\sprite_perfmonitor.obj
f:\steam\steamapps\common\source-sdk-2013-master\mp\src\game\server\debug_mod_hl2mp\studio_shared.obj
f:\steam\steamapps\common\source-sdk-2013-master\mp\src\game\server\debug_mod_hl2mp\sun.obj
f:\steam\steamapps\common\source-sdk-2013-master\mp\src\game\server\debug_mod_hl2mp\tactical_mission.obj
f:\steam\steamapps\common\source-sdk-2013-master\mp\src\game\server\debug_mod_hl2mp\team.obj
f:\steam\steamapps\common\source-sdk-2013-master\mp\src\game\server\debug_mod_hl2mp\team_control_point_master.obj
f:\steam\steamapps\common\source-sdk-2013-master\mp\src\game\server\debug_mod_hl2mp\team_objectiveresource.obj
f:\steam\steamapps\common\source-sdk-2013-master\mp\src\game\server\debug_mod_hl2mp\team_spawnpoint.obj
f:\steam\steamapps\common\source-sdk-2013-master\mp\src\game\server\debug_mod_hl2mp\teamplay_gamerules.obj
f:\steam\steamapps\common\source-sdk-2013-master\mp\src\game\server\debug_mod_hl2mp\teamplay_round_timer.obj
f:\steam\steamapps\common\source-sdk-2013-master\mp\src\game\server\debug_mod_hl2mp\teamplayroundbased_gamerules.obj
f:\steam\steamapps\common\source-sdk-2013-master\mp\src\game\server\debug_mod_hl2mp\testfunctions.obj
f:\steam\steamapps\common\source-sdk-2013-master\mp\src\game\server\debug_mod_hl2mp\testtraceline.obj
f:\steam\steamapps\common\source-sdk-2013-master\mp\src\game\server\debug_mod_hl2mp\timedeventmgr.obj
f:\steam\steamapps\common\source-sdk-2013-master\mp\src\game\server\debug_mod_hl2mp\trigger_area_capture.obj
f:\steam\steamapps\common\source-sdk-2013-master\mp\src\game\server\debug_mod_hl2mp\usercmd.obj
f:\steam\steamapps\common\source-sdk-2013-master\mp\src\game\server\debug_mod_hl2mp\util.obj
f:\steam\steamapps\common\source-sdk-2013-master\mp\src\game\server\debug_mod_hl2mp\util_shared.obj
f:\steam\steamapps\common\source-sdk-2013-master\mp\src\game\server\debug_mod_hl2mp\variant_t.obj
f:\steam\steamapps\common\source-sdk-2013-master\mp\src\game\server\debug_mod_hl2mp\vehicle_base.obj
f:\steam\steamapps\common\source-sdk-2013-master\mp\src\game\server\debug_mod_hl2mp\vehicle_viewblend_shared.obj
f:\steam\steamapps\common\source-sdk-2013-master\mp\src\game\server\debug_mod_hl2mp\vguiscreen.obj
f:\steam\steamapps\common\source-sdk-2013-master\mp\src\game\server\debug_mod_hl2mp\voice_gamemgr.obj
f:\steam\steamapps\common\source-sdk-2013-master\mp\src\game\server\debug_mod_hl2mp\vote_controller.obj
f:\steam\steamapps\common\source-sdk-2013-master\mp\src\game\server\debug_mod_hl2mp\wcedit.obj
f:\steam\steamapps\common\source-sdk-2013-master\mp\src\game\server\debug_mod_hl2mp\ai_behavior_actbusy.obj
f:\steam\steamapps\common\source-sdk-2013-master\mp\src\game\server\debug_mod_hl2mp\ai_behavior_holster.obj
f:\steam\steamapps\common\source-sdk-2013-master\mp\src\game\server\debug_mod_hl2mp\ai_behavior_police.obj
f:\steam\steamapps\common\source-sdk-2013-master\mp\src\game\server\debug_mod_hl2mp\ar2_explosion.obj
f:\steam\steamapps\common\source-sdk-2013-master\mp\src\game\server\debug_mod_hl2mp\basebludgeonweapon.obj
f:\steam\steamapps\common\source-sdk-2013-master\mp\src\game\server\debug_mod_hl2mp\basehlcombatweapon.obj
f:\steam\steamapps\common\source-sdk-2013-master\mp\src\game\server\debug_mod_hl2mp\cbasespriteprojectile.obj
f:\steam\steamapps\common\source-sdk-2013-master\mp\src\game\server\debug_mod_hl2mp\citadel_effects.obj
f:\steam\steamapps\common\source-sdk-2013-master\mp\src\game\server\debug_mod_hl2mp\combine_mine.obj
f:\steam\steamapps\common\source-sdk-2013-master\mp\src\game\server\debug_mod_hl2mp\env_alyxemp.obj
f:\steam\steamapps\common\source-sdk-2013-master\mp\src\game\server\debug_mod_hl2mp\env_headcrabcanister_shared.obj
f:\steam\steamapps\common\source-sdk-2013-master\mp\src\game\server\debug_mod_hl2mp\env_speaker.obj
f:\steam\steamapps\common\source-sdk-2013-master\mp\src\game\server\debug_mod_hl2mp\env_starfield.obj
f:\steam\steamapps\common\source-sdk-2013-master\mp\src\game\server\debug_mod_hl2mp\func_recharge.obj
f:\steam\steamapps\common\source-sdk-2013-master\mp\src\game\server\debug_mod_hl2mp\func_tank.obj
f:\steam\steamapps\common\source-sdk-2013-master\mp\src\game\server\debug_mod_hl2mp\grenade_frag.obj
f:\steam\steamapps\common\source-sdk-2013-master\mp\src\game\server\debug_mod_hl2mp\hl2_ai_network.obj
f:\steam\steamapps\common\source-sdk-2013-master\mp\src\game\server\debug_mod_hl2mp\hl2_player.obj
f:\steam\steamapps\common\source-sdk-2013-master\mp\src\game\server\debug_mod_hl2mp\info_teleporter_countdown.obj
f:\steam\steamapps\common\source-sdk-2013-master\mp\src\game\server\debug_mod_hl2mp\item_ammo.obj
f:\steam\steamapps\common\source-sdk-2013-master\mp\src\game\server\debug_mod_hl2mp\item_dynamic_resupply.obj
f:\steam\steamapps\common\source-sdk-2013-master\mp\src\game\server\debug_mod_hl2mp\item_itemcrate.obj
f:\steam\steamapps\common\source-sdk-2013-master\mp\src\game\server\debug_mod_hl2mp\look_door.obj
f:\steam\steamapps\common\source-sdk-2013-master\mp\src\game\server\debug_mod_hl2mp\npc_alyx.obj
f:\steam\steamapps\common\source-sdk-2013-master\mp\src\game\server\debug_mod_hl2mp\npc_antlionguard.obj
f:\steam\steamapps\common\source-sdk-2013-master\mp\src\game\server\debug_mod_hl2mp\npc_barnacle.obj
f:\steam\steamapps\common\source-sdk-2013-master\mp\src\game\server\debug_mod_hl2mp\npc_barney.obj
f:\steam\steamapps\common\source-sdk-2013-master\mp\src\game\server\debug_mod_hl2mp\npc_breen.obj
f:\steam\steamapps\common\source-sdk-2013-master\mp\src\game\server\debug_mod_hl2mp\npc_citizen17.obj
f:\steam\steamapps\common\source-sdk-2013-master\mp\src\game\server\debug_mod_hl2mp\npc_combinedropship.obj
f:\steam\steamapps\common\source-sdk-2013-master\mp\src\game\server\debug_mod_hl2mp\npc_combines.obj
f:\steam\steamapps\common\source-sdk-2013-master\mp\src\game\server\debug_mod_hl2mp\npc_crow.obj
f:\steam\steamapps\common\source-sdk-2013-master\mp\src\game\server\debug_mod_hl2mp\npc_eli.obj
f:\steam\steamapps\common\source-sdk-2013-master\mp\src\game\server\debug_mod_hl2mp\npc_enemyfinder.obj
f:\steam\steamapps\common\source-sdk-2013-master\mp\src\game\server\debug_mod_hl2mp\npc_gman.obj
f:\steam\steamapps\common\source-sdk-2013-master\mp\src\game\server\debug_mod_hl2mp\npc_ichthyosaur.obj
f:\steam\steamapps\common\source-sdk-2013-master\mp\src\game\server\debug_mod_hl2mp\npc_kleiner.obj
f:\steam\steamapps\common\source-sdk-2013-master\mp\src\game\server\debug_mod_hl2mp\npc_manhack.obj
f:\steam\steamapps\common\source-sdk-2013-master\mp\src\game\server\debug_mod_hl2mp\npc_monk.obj
f:\steam\steamapps\common\source-sdk-2013-master\mp\src\game\server\debug_mod_hl2mp\npc_playercompanion.obj
f:\steam\steamapps\common\source-sdk-2013-master\mp\src\game\server\debug_mod_hl2mp\npc_scanner.obj
f:\steam\steamapps\common\source-sdk-2013-master\mp\src\game\server\debug_mod_hl2mp\npc_strider.obj
f:\steam\steamapps\common\source-sdk-2013-master\mp\src\game\server\debug_mod_hl2mp\npc_turret_floor.obj
f:\steam\steamapps\common\source-sdk-2013-master\mp\src\game\server\debug_mod_hl2mp\npc_vortigaunt_episodic.obj
f:\steam\steamapps\common\source-sdk-2013-master\mp\src\game\server\debug_mod_hl2mp\prop_thumper.obj
f:\steam\steamapps\common\source-sdk-2013-master\mp\src\game\server\debug_mod_hl2mp\rotorwash.obj
f:\steam\steamapps\common\source-sdk-2013-master\mp\src\game\server\debug_mod_hl2mp\script_intro.obj
f:\steam\steamapps\common\source-sdk-2013-master\mp\src\game\server\debug_mod_hl2mp\script_intro_shared.obj
f:\steam\steamapps\common\source-sdk-2013-master\mp\src\game\server\debug_mod_hl2mp\vehicle_airboat.obj
f:\steam\steamapps\common\source-sdk-2013-master\mp\src\game\server\debug_mod_hl2mp\vehicle_prisoner_pod.obj
f:\steam\steamapps\common\source-sdk-2013-master\mp\src\game\server\debug_mod_hl2mp\vehicle_viewcontroller.obj
f:\steam\steamapps\common\source-sdk-2013-master\mp\src\game\server\debug_mod_hl2mp\weapon_bugbait.obj
f:\steam\steamapps\common\source-sdk-2013-master\mp\src\game\server\debug_mod_hl2mp\grenade_pathfollower.obj
f:\steam\steamapps\common\source-sdk-2013-master\mp\src\game\server\debug_mod_hl2mp\vehicle_apc.obj
f:\steam\steamapps\common\source-sdk-2013-master\mp\src\game\server\debug_mod_hl2mp\hl2mp_client.obj
f:\steam\steamapps\common\source-sdk-2013-master\mp\src\game\server\debug_mod_hl2mp\hl2mp_gameinterface.obj
f:\steam\steamapps\common\source-sdk-2013-master\mp\src\game\server\debug_mod_hl2mp\hl2mp_player.obj
f:\steam\steamapps\common\source-sdk-2013-master\mp\src\game\server\debug_mod_hl2mp\hl2mp_weapon_parse.obj
f:\steam\steamapps\common\source-sdk-2013-master\mp\src\game\server\debug_mod_hl2mp\grenade_satchel.obj
f:\steam\steamapps\common\source-sdk-2013-master\mp\src\game\server\debug_mod_hl2mp\weapon_ar2.obj
f:\steam\steamapps\common\source-sdk-2013-master\mp\src\game\server\debug_mod_hl2mp\weapon_crowbar.obj
f:\steam\steamapps\common\source-sdk-2013-master\mp\src\game\server\debug_mod_hl2mp\weapon_hl2mpbase.obj
f:\steam\steamapps\common\source-sdk-2013-master\mp\src\game\server\debug_mod_hl2mp\weapon_hl2mpbasebasebludgeon.obj
f:\steam\steamapps\common\source-sdk-2013-master\mp\src\game\server\debug_mod_hl2mp\weapon_physcannon.obj
f:\steam\steamapps\common\source-sdk-2013-master\mp\src\game\server\debug_mod_hl2mp\weapon_shotgun.obj
f:\steam\steamapps\common\source-sdk-2013-master\mp\src\game\server\debug_mod_hl2mp\weapon_smg1.obj
f:\steam\steamapps\common\source-sdk-2013-master\mp\src\game\server\debug_mod_hl2mp\weapon_stunstick.obj
f:\steam\steamapps\common\source-sdk-2013-master\mp\src\game\server\debug_mod_hl2mp\nav_entities.obj
f:\steam\steamapps\common\source-sdk-2013-master\mp\src\game\server\debug_mod_hl2mp\nav_generate.obj
f:\steam\steamapps\common\source-sdk-2013-master\mp\src\game\server\debug_mod_hl2mp\nav_merge.obj
f:\steam\steamapps\common\source-sdk-2013-master\mp\src\game\server\debug_mod_hl2mp\nav_mesh_factory.obj
f:\steam\steamapps\common\source-sdk-2013-master\mp\src\game\server\debug_mod_hl2mp\nav_simplify.obj
f:\steam\steamapps\common\source-sdk-2013-master\mp\src\game\server\debug_mod_hl2mp\event_tempentity_tester.obj
f:\steam\steamapps\common\source-sdk-2013-master\mp\src\game\server\debug_mod_hl2mp\particle_fire.obj
f:\steam\steamapps\common\source-sdk-2013-master\mp\src\game\server\debug_mod_hl2mp\plasma.obj
f:\steam\steamapps\common\source-sdk-2013-master\mp\src\game\server\debug_mod_hl2mp\smokestack.obj
f:\steam\steamapps\common\source-sdk-2013-master\mp\src\game\server\debug_mod_hl2mp\steamjet.obj
f:\steam\steamapps\common\source-sdk-2013-master\mp\src\game\server\debug_mod_hl2mp\te.obj
f:\steam\steamapps\common\source-sdk-2013-master\mp\src\game\server\debug_mod_hl2mp\te_basebeam.obj
f:\steam\steamapps\common\source-sdk-2013-master\mp\src\game\server\debug_mod_hl2mp\te_beaments.obj
f:\steam\steamapps\common\source-sdk-2013-master\mp\src\game\server\debug_mod_hl2mp\te_beamlaser.obj
f:\steam\steamapps\common\source-sdk-2013-master\mp\src\game\server\debug_mod_hl2mp\te_beamring.obj
f:\steam\steamapps\common\source-sdk-2013-master\mp\src\game\server\debug_mod_hl2mp\te_beamspline.obj
f:\steam\steamapps\common\source-sdk-2013-master\mp\src\game\server\debug_mod_hl2mp\te_bloodsprite.obj
f:\steam\steamapps\common\source-sdk-2013-master\mp\src\game\server\debug_mod_hl2mp\te_bspdecal.obj
f:\steam\steamapps\common\source-sdk-2013-master\mp\src\game\server\debug_mod_hl2mp\te_bubbles.obj
f:\steam\steamapps\common\source-sdk-2013-master\mp\src\game\server\debug_mod_hl2mp\te_clientprojectile.obj
f:\steam\steamapps\common\source-sdk-2013-master\mp\src\game\server\debug_mod_hl2mp\te_dynamiclight.obj
f:\steam\steamapps\common\source-sdk-2013-master\mp\src\game\server\debug_mod_hl2mp\te_explosion.obj
f:\steam\steamapps\common\source-sdk-2013-master\mp\src\game\server\debug_mod_hl2mp\te_footprintdecal.obj
f:\steam\steamapps\common\source-sdk-2013-master\mp\src\game\server\debug_mod_hl2mp\te_gaussexplosion.obj
f:\steam\steamapps\common\source-sdk-2013-master\mp\src\game\server\debug_mod_hl2mp\te_glowsprite.obj
f:\steam\steamapps\common\source-sdk-2013-master\mp\src\game\server\debug_mod_hl2mp\te_killplayerattachments.obj
f:\steam\steamapps\common\source-sdk-2013-master\mp\src\game\server\debug_mod_hl2mp\te_muzzleflash.obj
f:\steam\steamapps\common\source-sdk-2013-master\mp\src\game\server\debug_mod_hl2mp\te_physicsprop.obj
f:\steam\steamapps\common\source-sdk-2013-master\mp\src\game\server\debug_mod_hl2mp\te_projecteddecal.obj
f:\steam\steamapps\common\source-sdk-2013-master\mp\src\game\server\debug_mod_hl2mp\te_sparks.obj
f:\steam\steamapps\common\source-sdk-2013-master\mp\src\game\server\debug_mod_hl2mp\te_sprite.obj
f:\steam\steamapps\common\source-sdk-2013-master\mp\src\game\server\debug_mod_hl2mp\usermessages.obj
f:\steam\steamapps\common\source-sdk-2013-master\mp\src\game\server\debug_mod_hl2mp\toolframework_server.obj
f:\steam\steamapps\common\source-sdk-2013-master\mp\src\game\server\debug_mod_hl2mp\bone_setup.obj
f:\steam\steamapps\common\source-sdk-2013-master\mp\src\game\server\debug_mod_hl2mp\dt_utlvector_common.obj
f:\steam\steamapps\common\source-sdk-2013-master\mp\src\game\server\debug_mod_hl2mp\editor_sendcommand.obj
f:\steam\steamapps\common\source-sdk-2013-master\mp\src\game\server\debug_mod_hl2mp\gamestats_basicstatsfunctions.obj
f:\steam\steamapps\common\source-sdk-2013-master\mp\src\game\server\debug_mod_hl2mp\language.obj
f:\steam\steamapps\common\source-sdk-2013-master\mp\src\game\server\debug_mod_hl2mp\memoverride.obj
f:\steam\steamapps\common\source-sdk-2013-master\mp\src\game\server\debug_mod_hl2mp\registry.obj
f:\steam\steamapps\common\source-sdk-2013-master\mp\src\game\server\debug_mod_hl2mp\scratchpadutils.obj
f:\steam\steamapps\common\source-sdk-2013-master\mp\src\game\server\debug_mod_hl2mp\sheetsimulator.obj
f:\steam\steamapps\common\source-sdk-2013-master\mp\src\game\server\debug_mod_hl2mp\stringregistry.obj
f:\steam\steamapps\common\source-sdk-2013-master\mp\src\game\server\debug_mod_hl2mp\collisionutils.obj
f:\steam\steamapps\common\source-sdk-2013-master\mp\src\game\server\debug_mod_hl2mp\dt_send.obj
f:\steam\steamapps\common\source-sdk-2013-master\mp\src\game\server\debug_mod_hl2mp\dt_utlvector_send.obj
f:\steam\steamapps\common\source-sdk-2013-master\mp\src\game\server\debug_mod_hl2mp\filesystem_helpers.obj
f:\steam\steamapps\common\source-sdk-2013-master\mp\src\game\server\debug_mod_hl2mp\gamehandle.obj
f:\steam\steamapps\common\source-sdk-2013-master\mp\src\game\server\debug_mod_hl2mp\h_export.obj
f:\steam\steamapps\common\source-sdk-2013-master\mp\src\game\server\debug_mod_hl2mp\init_factory.obj
f:\steam\steamapps\common\source-sdk-2013-master\mp\src\game\server\debug_mod_hl2mp\interpolatortypes.obj
f:\steam\steamapps\common\source-sdk-2013-master\mp\src\game\server\debug_mod_hl2mp\interval.obj
f:\steam\steamapps\common\source-sdk-2013-master\mp\src\game\server\debug_mod_hl2mp\keyframe.obj
f:\steam\steamapps\common\source-sdk-2013-master\mp\src\game\server\debug_mod_hl2mp\map_utils.obj
f:\steam\steamapps\common\source-sdk-2013-master\mp\src\game\server\debug_mod_hl2mp\networkvar.obj
f:\steam\steamapps\common\source-sdk-2013-master\mp\src\game\server\debug_mod_hl2mp\randoverride.obj
f:\steam\steamapps\common\source-sdk-2013-master\mp\src\game\server\debug_mod_hl2mp\rope_physics.obj
f:\steam\steamapps\common\source-sdk-2013-master\mp\src\game\server\debug_mod_hl2mp\scratchpad3d.obj
f:\steam\steamapps\common\source-sdk-2013-master\mp\src\game\server\debug_mod_hl2mp\server_class.obj
f:\steam\steamapps\common\source-sdk-2013-master\mp\src\game\server\debug_mod_hl2mp\simple_physics.obj
f:\steam\steamapps\common\source-sdk-2013-master\mp\src\game\server\debug_mod_hl2mp\studio.obj
c:\users\ethorbit\documents\github\hl2dm-zombiesatphoneburnia\source-sdk-2013-master\mp\src\game\server\debug_mod_hl2mp\collisionutils.obj
c:\users\ethorbit\documents\github\hl2dm-zombiesatphoneburnia\source-sdk-2013-master\mp\src\game\server\debug_mod_hl2mp\dt_send.obj
c:\users\ethorbit\documents\github\hl2dm-zombiesatphoneburnia\source-sdk-2013-master\mp\src\game\server\debug_mod_hl2mp\dt_utlvector_send.obj
c:\users\ethorbit\documents\github\hl2dm-zombiesatphoneburnia\source-sdk-2013-master\mp\src\game\server\debug_mod_hl2mp\filesystem_helpers.obj
c:\users\ethorbit\documents\github\hl2dm-zombiesatphoneburnia\source-sdk-2013-master\mp\src\game\server\debug_mod_hl2mp\gamestats_basicstatsfunctions.obj
c:\users\ethorbit\documents\github\hl2dm-zombiesatphoneburnia\source-sdk-2013-master\mp\src\game\server\debug_mod_hl2mp\keyframe.obj
c:\users\ethorbit\documents\github\hl2dm-zombiesatphoneburnia\source-sdk-2013-master\mp\src\game\server\debug_mod_hl2mp\memoverride.obj
c:\users\ethorbit\documents\github\hl2dm-zombiesatphoneburnia\source-sdk-2013-master\mp\src\game\server\debug_mod_hl2mp\registry.obj
c:\users\ethorbit\documents\github\hl2dm-zombiesatphoneburnia\source-sdk-2013-master\mp\src\game\server\debug_mod_hl2mp\scratchpadutils.obj
c:\users\ethorbit\documents\github\hl2dm-zombiesatphoneburnia\source-sdk-2013-master\mp\src\game\server\debug_mod_hl2mp\server_class.obj
c:\users\ethorbit\documents\github\hl2dm-zombiesatphoneburnia\source-sdk-2013-master\mp\src\game\server\debug_mod_hl2mp\simple_physics.obj
c:\users\ethorbit\documents\github\hl2dm-zombiesatphoneburnia\source-sdk-2013-master\mp\src\game\server\debug_mod_hl2mp\studio.obj
c:\users\ethorbit\documents\github\hl2dm-zombiesatphoneburnia\source-sdk-2013-master\mp\src\game\server\debug_mod_hl2mp\bone_setup.obj
c:\users\ethorbit\documents\github\hl2dm-zombiesatphoneburnia\source-sdk-2013-master\mp\src\game\server\debug_mod_hl2mp\dt_utlvector_common.obj
c:\users\ethorbit\documents\github\hl2dm-zombiesatphoneburnia\source-sdk-2013-master\mp\src\game\server\debug_mod_hl2mp\editor_sendcommand.obj
c:\users\ethorbit\documents\github\hl2dm-zombiesatphoneburnia\source-sdk-2013-master\mp\src\game\server\debug_mod_hl2mp\gamehandle.obj
c:\users\ethorbit\documents\github\hl2dm-zombiesatphoneburnia\source-sdk-2013-master\mp\src\game\server\debug_mod_hl2mp\h_export.obj
c:\users\ethorbit\documents\github\hl2dm-zombiesatphoneburnia\source-sdk-2013-master\mp\src\game\server\debug_mod_hl2mp\init_factory.obj
c:\users\ethorbit\documents\github\hl2dm-zombiesatphoneburnia\source-sdk-2013-master\mp\src\game\server\debug_mod_hl2mp\interpolatortypes.obj
c:\users\ethorbit\documents\github\hl2dm-zombiesatphoneburnia\source-sdk-2013-master\mp\src\game\server\debug_mod_hl2mp\interval.obj
c:\users\ethorbit\documents\github\hl2dm-zombiesatphoneburnia\source-sdk-2013-master\mp\src\game\server\debug_mod_hl2mp\language.obj
c:\users\ethorbit\documents\github\hl2dm-zombiesatphoneburnia\source-sdk-2013-master\mp\src\game\server\debug_mod_hl2mp\map_utils.obj
c:\users\ethorbit\documents\github\hl2dm-zombiesatphoneburnia\source-sdk-2013-master\mp\src\game\server\debug_mod_hl2mp\networkvar.obj
c:\users\ethorbit\documents\github\hl2dm-zombiesatphoneburnia\source-sdk-2013-master\mp\src\game\server\debug_mod_hl2mp\randoverride.obj
c:\users\ethorbit\documents\github\hl2dm-zombiesatphoneburnia\source-sdk-2013-master\mp\src\game\server\debug_mod_hl2mp\rope_physics.obj
c:\users\ethorbit\documents\github\hl2dm-zombiesatphoneburnia\source-sdk-2013-master\mp\src\game\server\debug_mod_hl2mp\scratchpad3d.obj
c:\users\ethorbit\documents\github\hl2dm-zombiesatphoneburnia\source-sdk-2013-master\mp\src\game\server\debug_mod_hl2mp\sheetsimulator.obj
c:\users\ethorbit\documents\github\hl2dm-zombiesatphoneburnia\source-sdk-2013-master\mp\src\game\server\debug_mod_hl2mp\stringregistry.obj
c:\users\ethorbit\documents\github\hl2dm-zombiesatphoneburnia\source-sdk-2013-master\mp\src\game\server\debug_mod_hl2mp\vc120.pdb
c:\users\ethorbit\documents\github\hl2dm-zombiesatphoneburnia\source-sdk-2013-master\mp\src\game\server\debug_mod_hl2mp\server.pch
c:\users\ethorbit\documents\github\hl2dm-zombiesatphoneburnia\source-sdk-2013-master\mp\src\game\server\debug_mod_hl2mp\vc120.idb
c:\users\ethorbit\documents\github\hl2dm-zombiesatphoneburnia\source-sdk-2013-master\mp\src\game\server\debug_mod_hl2mp\stdafx.obj
f:\steam\steamapps\common\source-sdk-2013-master\mp\src\game\server\debug_mod_hl2mp\pointeroverride.obj
f:\steam\steamapps\common\source-sdk-2013-master\mp\src\game\server\server_hl2mp.vpc.sentinel
c:\users\ethorbit\documents\github\hl2dm-zombiesatphoneburnia\source-sdk-2013-master\mp\src\game\server\debug_mod_hl2mp\pointeroverride.obj
f:\steam\steamapps\common\source-sdk-2013-master\mp\src\game\server\debug_mod_hl2mp\server.ilk
f:\steam\steamapps\common\source-sdk-2013-master\mp\src\game\server\debug_mod_hl2mp\server.dll
f:\steam\steamapps\common\source-sdk-2013-master\mp\src\game\server\debug_mod_hl2mp\server.pdb
c:\users\ethorbit\documents\github\hl2dm-zombiesatphoneburnia\source-sdk-2013-master\mp\src\game\server\debug_mod_hl2mp\server.ilk
c:\users\ethorbit\documents\github\hl2dm-zombiesatphoneburnia\source-sdk-2013-master\mp\src\game\server\debug_mod_hl2mp\server.dll
c:\users\ethorbit\documents\github\hl2dm-zombiesatphoneburnia\source-sdk-2013-master\mp\src\game\server\debug_mod_hl2mp\server.pdb
f:\steam\steamapps\common\source-sdk-2013-master\mp\src\game\server\debug_mod_hl2mp\server.lib
f:\steam\steamapps\common\source-sdk-2013-master\mp\src\game\server\debug_mod_hl2mp\server.exp
c:\users\ethorbit\documents\github\hl2dm-zombiesatphoneburnia\source-sdk-2013-master\mp\src\game\server\debug_mod_hl2mp\server.lib
c:\users\ethorbit\documents\github\hl2dm-zombiesatphoneburnia\source-sdk-2013-master\mp\src\game\server\debug_mod_hl2mp\server.exp
c:\users\ethorbit\documents\github\hl2dm-zombiesatphoneburnia\source-sdk-2013-master\mp\src\game\server\.\debug_mod_hl2mp\server.dll
c:\users\ethorbit\documents\github\hl2dm-zombiesatphoneburnia\source-sdk-2013-master\mp\src\game\server\debug_mod_hl2mp\server (hl2mp).tlog\cl.command.1.tlog
c:\users\ethorbit\documents\github\hl2dm-zombiesatphoneburnia\source-sdk-2013-master\mp\src\game\server\debug_mod_hl2mp\server (hl2mp).tlog\cl.read.1.tlog
c:\users\ethorbit\documents\github\hl2dm-zombiesatphoneburnia\source-sdk-2013-master\mp\src\game\server\debug_mod_hl2mp\server (hl2mp).tlog\cl.write.1.tlog
c:\users\ethorbit\documents\github\hl2dm-zombiesatphoneburnia\source-sdk-2013-master\mp\src\game\server\debug_mod_hl2mp\server (hl2mp).tlog\custombuild.command.1.tlog
c:\users\ethorbit\documents\github\hl2dm-zombiesatphoneburnia\source-sdk-2013-master\mp\src\game\server\debug_mod_hl2mp\server (hl2mp).tlog\custombuild.read.1.tlog
c:\users\ethorbit\documents\github\hl2dm-zombiesatphoneburnia\source-sdk-2013-master\mp\src\game\server\debug_mod_hl2mp\server (hl2mp).tlog\custombuild.write.1.tlog
c:\users\ethorbit\documents\github\hl2dm-zombiesatphoneburnia\source-sdk-2013-master\mp\src\game\server\debug_mod_hl2mp\server (hl2mp).tlog\link.command.1.tlog
c:\users\ethorbit\documents\github\hl2dm-zombiesatphoneburnia\source-sdk-2013-master\mp\src\game\server\debug_mod_hl2mp\server (hl2mp).tlog\link.read.1.tlog
c:\users\ethorbit\documents\github\hl2dm-zombiesatphoneburnia\source-sdk-2013-master\mp\src\game\server\debug_mod_hl2mp\server (hl2mp).tlog\link.write.1.tlog
c:\users\ethorbit\documents\github\hl2dm-zombiesatphoneburnia\source-sdk-2013-master\mp\src\game\server\debug_mod_hl2mp\server (hl2mp).tlog\server (hl2mp).write.1u.tlog
